#
# There is insufficient memory for the Java Runtime Environment to continue.
# Native memory allocation (malloc) failed to allocate 665456 bytes for Chunk::new
# Possible reasons:
#   The system is out of physical RAM or swap space
#   In 32 bit mode, the process size limit was hit
# Possible solutions:
#   Reduce memory load on the system
#   Increase physical memory or swap space
#   Check if swap backing store is full
#   Use 64 bit Java on a 64 bit OS
#   Decrease Java heap size (-Xmx/-Xms)
#   Decrease number of Java threads
#   Decrease Java thread stack sizes (-Xss)
#   Set larger code cache with -XX:ReservedCodeCacheSize=
# This output file may be truncated or incomplete.
#
#  Out of Memory Error (allocation.cpp:390), pid=14124, tid=0x00000000000004c8
#
# JRE version: Java(TM) SE Runtime Environment (8.0_102-b14) (build 1.8.0_102-b14)
# Java VM: Java HotSpot(TM) 64-Bit Server VM (25.102-b14 mixed mode windows-amd64 compressed oops)
# Failed to write core dump. Minidumps are not enabled by default on client versions of Windows
#

---------------  T H R E A D  ---------------

Current thread (0x00000000172e8800):  JavaThread "C2 CompilerThread0" daemon [_thread_in_native, id=1224, stack(0x0000000018c20000,0x0000000018d20000)]

Stack: [0x0000000018c20000,0x0000000018d20000]
[error occurred during error reporting (printing stack bounds), id 0xc0000005]

Native frames: (J=compiled Java code, j=interpreted, Vv=VM code, C=native code)


Current CompileTask:
C2:   2913 1216   !   4       java.lang.ClassLoader::loadClass (122 bytes)


---------------  P R O C E S S  ---------------

Java Threads: ( => current thread )
  0x000000001869e000 JavaThread "Service Thread" daemon [_thread_blocked, id=7340, stack(0x0000000018f20000,0x0000000019020000)]
  0x00000000172f9800 JavaThread "C1 CompilerThread2" daemon [_thread_blocked, id=16400, stack(0x0000000018e20000,0x0000000018f20000)]
  0x00000000172ee000 JavaThread "C2 CompilerThread1" daemon [_thread_in_native, id=1180, stack(0x0000000018d20000,0x0000000018e20000)]
=>0x00000000172e8800 JavaThread "C2 CompilerThread0" daemon [_thread_in_native, id=1224, stack(0x0000000018c20000,0x0000000018d20000)]
  0x0000000018663800 JavaThread "Attach Listener" daemon [_thread_blocked, id=9020, stack(0x0000000018b20000,0x0000000018c20000)]
  0x0000000018663000 JavaThread "Signal Dispatcher" daemon [_thread_blocked, id=6716, stack(0x0000000018a20000,0x0000000018b20000)]
  0x00000000172ba800 JavaThread "Finalizer" daemon [_thread_blocked, id=4304, stack(0x0000000018520000,0x0000000018620000)]
  0x00000000026b1000 JavaThread "Reference Handler" daemon [_thread_blocked, id=14196, stack(0x0000000018420000,0x0000000018520000)]
  0x00000000027ae000 JavaThread "main" [_thread_in_Java, id=17860, stack(0x0000000002150000,0x0000000002250000)]

Other Threads:
  0x0000000017299000 VMThread [stack: 0x0000000018320000,0x0000000018420000] [id=5000]
  0x00000000186ea800 WatcherThread [stack: 0x0000000019020000,0x0000000019120000] [id=18168]

VM state:not at safepoint (normal execution)

VM Mutex/Monitor currently owned by a thread: None

Heap:
 PSYoungGen      total 38400K, used 1315K [0x00000000d5f80000, 0x00000000daa80000, 0x0000000100000000)
  eden space 33280K, 3% used [0x00000000d5f80000,0x00000000d60c8e50,0x00000000d8000000)
  from space 5120K, 0% used [0x00000000d8000000,0x00000000d8000000,0x00000000d8500000)
  to   space 5120K, 0% used [0x00000000da580000,0x00000000da580000,0x00000000daa80000)
 ParOldGen       total 54784K, used 4153K [0x0000000081e00000, 0x0000000085380000, 0x00000000d5f80000)
  object space 54784K, 7% used [0x0000000081e00000,0x000000008220e638,0x0000000085380000)
 Metaspace       used 12565K, capacity 12750K, committed 13056K, reserved 1062912K
  class space    used 1593K, capacity 1671K, committed 1792K, reserved 1048576K

Card table byte_map: [0x0000000011b70000,0x0000000011f70000] byte_map_base: 0x0000000011761000

Marking Bits: (ParMarkBitMap*) 0x000000006fbba6c0
 Begin Bits: [0x0000000012620000, 0x00000000145a8000)
 End Bits:   [0x00000000145a8000, 0x0000000016530000)

Polling page: 0x0000000000990000

CodeCache: size=245760Kb used=4858Kb max_used=4858Kb free=240901Kb
 bounds [0x00000000027b0000, 0x0000000002c80000, 0x00000000117b0000]
 total_blobs=1686 nmethods=1363 adapters=235
 compilation: enabled

Compilation events (10 events):
Event: 2.697 Thread 0x00000000172f9800 nmethod 1278 0x0000000002c43150 code [0x0000000002c43300, 0x0000000002c438c8]
Event: 2.697 Thread 0x00000000172f9800 1280       3       com.google.common.collect.ImmutableSet::of (4 bytes)
Event: 2.697 Thread 0x00000000172f9800 nmethod 1280 0x0000000002c43bd0 code [0x0000000002c43d20, 0x0000000002c43e50]
Event: 2.697 Thread 0x00000000172f9800 1279       3       com.google.inject.internal.FailableCache::get (38 bytes)
Event: 2.697 Thread 0x00000000172ee000 1282       4       com.google.common.cache.LocalCache::rehash (49 bytes)
Event: 2.697 Thread 0x00000000172ee000 nmethod 1282 0x0000000002c46b50 code [0x0000000002c46c80, 0x0000000002c46d18]
Event: 2.698 Thread 0x00000000172f9800 nmethod 1279 0x0000000002c44e10 code [0x0000000002c45060, 0x0000000002c45e78]
Event: 2.698 Thread 0x00000000172f9800 1281   !   3       com.google.common.util.concurrent.Uninterruptibles::getUninterruptibly (40 bytes)
Event: 2.698 Thread 0x00000000172f9800 nmethod 1281 0x0000000002c44590 code [0x0000000002c44720, 0x0000000002c44c28]
Event: 2.698 Thread 0x00000000172f9800 1284   !   3       com.google.common.cache.LocalCache$Segment::storeLoadedValue (371 bytes)

GC Heap History (4 events):
Event: 1.883 GC heap before
{Heap before GC invocations=1 (full 0):
 PSYoungGen      total 38400K, used 33280K [0x00000000d5f80000, 0x00000000d8a00000, 0x0000000100000000)
  eden space 33280K, 100% used [0x00000000d5f80000,0x00000000d8000000,0x00000000d8000000)
  from space 5120K, 0% used [0x00000000d8500000,0x00000000d8500000,0x00000000d8a00000)
  to   space 5120K, 0% used [0x00000000d8000000,0x00000000d8000000,0x00000000d8500000)
 ParOldGen       total 87552K, used 0K [0x0000000081e00000, 0x0000000087380000, 0x00000000d5f80000)
  object space 87552K, 0% used [0x0000000081e00000,0x0000000081e00000,0x0000000087380000)
 Metaspace       used 8230K, capacity 8400K, committed 8576K, reserved 1056768K
  class space    used 1005K, capacity 1080K, committed 1152K, reserved 1048576K
Event: 1.889 GC heap after
Heap after GC invocations=1 (full 0):
 PSYoungGen      total 38400K, used 5104K [0x00000000d5f80000, 0x00000000d8a00000, 0x0000000100000000)
  eden space 33280K, 0% used [0x00000000d5f80000,0x00000000d5f80000,0x00000000d8000000)
  from space 5120K, 99% used [0x00000000d8000000,0x00000000d84fc208,0x00000000d8500000)
  to   space 5120K, 0% used [0x00000000d8500000,0x00000000d8500000,0x00000000d8a00000)
 ParOldGen       total 87552K, used 657K [0x0000000081e00000, 0x0000000087380000, 0x00000000d5f80000)
  object space 87552K, 0% used [0x0000000081e00000,0x0000000081ea4550,0x0000000087380000)
 Metaspace       used 8230K, capacity 8400K, committed 8576K, reserved 1056768K
  class space    used 1005K, capacity 1080K, committed 1152K, reserved 1048576K
}
Event: 2.558 GC heap before
{Heap before GC invocations=2 (full 0):
 PSYoungGen      total 38400K, used 38384K [0x00000000d5f80000, 0x00000000d8a00000, 0x0000000100000000)
  eden space 33280K, 100% used [0x00000000d5f80000,0x00000000d8000000,0x00000000d8000000)
  from space 5120K, 99% used [0x00000000d8000000,0x00000000d84fc208,0x00000000d8500000)
  to   space 5120K, 0% used [0x00000000d8500000,0x00000000d8500000,0x00000000d8a00000)
 ParOldGen       total 87552K, used 657K [0x0000000081e00000, 0x0000000087380000, 0x00000000d5f80000)
  object space 87552K, 0% used [0x0000000081e00000,0x0000000081ea4550,0x0000000087380000)
 Metaspace       used 11841K, capacity 12008K, committed 12160K, reserved 1060864K
  class space    used 1485K, capacity 1574K, committed 1664K, reserved 1048576K
Event: 2.578 GC heap after
Heap after GC invocations=2 (full 0):
 PSYoungGen      total 38400K, used 5103K [0x00000000d5f80000, 0x00000000daa80000, 0x0000000100000000)
  eden space 33280K, 0% used [0x00000000d5f80000,0x00000000d5f80000,0x00000000d8000000)
  from space 5120K, 99% used [0x00000000d8500000,0x00000000d89fbce8,0x00000000d8a00000)
  to   space 5120K, 0% used [0x00000000d8000000,0x00000000d8000000,0x00000000d8500000)
 ParOldGen       total 87552K, used 2971K [0x0000000081e00000, 0x0000000087380000, 0x00000000d5f80000)
  object space 87552K, 3% used [0x0000000081e00000,0x00000000820e6e30,0x0000000087380000)
 Metaspace       used 11841K, capacity 12008K, committed 12160K, reserved 1060864K
  class space    used 1485K, capacity 1574K, committed 1664K, reserved 1048576K
}

Deoptimization events (10 events):
Event: 1.501 Thread 0x00000000027ae000 Uncommon trap: reason=unstable_if action=reinterpret pc=0x00000000029fe1bc method=java.util.HashMap.getNode(ILjava/lang/Object;)Ljava/util/HashMap$Node; @ 129
Event: 1.508 Thread 0x00000000027ae000 Uncommon trap: reason=unstable_if action=reinterpret pc=0x0000000002963ba4 method=org.codehaus.plexus.util.xml.pull.MXParser.more()C @ 8
Event: 1.542 Thread 0x00000000027ae000 Uncommon trap: reason=unstable_if action=reinterpret pc=0x0000000002a3699c method=java.nio.charset.CoderResult.isOverflow()Z @ 5
Event: 1.567 Thread 0x00000000027ae000 Uncommon trap: reason=unstable_if action=reinterpret pc=0x0000000002a2ccc0 method=java.io.Reader.read()I @ 12
Event: 1.573 Thread 0x00000000027ae000 Uncommon trap: reason=unstable_if action=reinterpret pc=0x0000000002a3f7dc method=java.nio.charset.CharsetDecoder.decode(Ljava/nio/ByteBuffer;Ljava/nio/CharBuffer;Z)Ljava/nio/charset/CoderResult; @ 15
Event: 1.634 Thread 0x00000000027ae000 Uncommon trap: reason=unstable_if action=reinterpret pc=0x0000000002a65040 method=sun.nio.cs.StreamDecoder.implRead([CII)I @ 197
Event: 1.637 Thread 0x00000000027ae000 Uncommon trap: reason=unstable_if action=reinterpret pc=0x0000000002a7b938 method=org.codehaus.plexus.util.xml.pull.MXParser.nextImpl()I @ 241
Event: 1.673 Thread 0x00000000027ae000 Uncommon trap: reason=unstable_if action=reinterpret pc=0x0000000002a7e748 method=java.nio.charset.CharsetDecoder.decode(Ljava/nio/ByteBuffer;Ljava/nio/CharBuffer;Z)Ljava/nio/charset/CoderResult; @ 15
Event: 1.869 Thread 0x00000000027ae000 Uncommon trap: reason=unstable_if action=reinterpret pc=0x00000000029fe800 method=java.util.HashMap.getNode(ILjava/lang/Object;)Ljava/util/HashMap$Node; @ 129
Event: 1.878 Thread 0x00000000027ae000 Uncommon trap: reason=range_check action=make_not_entrant pc=0x0000000002ac0a20 method=sun.reflect.generics.parser.SignatureParser.current()C @ 34

Internal exceptions (10 events):
Event: 0.895 Thread 0x00000000027ae000 Exception <a 'java/security/PrivilegedActionException'> (0x00000000d6417a18) thrown at [C:\re\workspace\8-2-build-windows-amd64-cygwin\jdk8u102\7268\hotspot\src\share\vm\prims\jvm.cpp, line 1386]
Event: 0.895 Thread 0x00000000027ae000 Exception <a 'java/security/PrivilegedActionException'> (0x00000000d6417c28) thrown at [C:\re\workspace\8-2-build-windows-amd64-cygwin\jdk8u102\7268\hotspot\src\share\vm\prims\jvm.cpp, line 1386]
Event: 0.895 Thread 0x00000000027ae000 Exception <a 'java/security/PrivilegedActionException'> (0x00000000d6419c18) thrown at [C:\re\workspace\8-2-build-windows-amd64-cygwin\jdk8u102\7268\hotspot\src\share\vm\prims\jvm.cpp, line 1386]
Event: 0.895 Thread 0x00000000027ae000 Exception <a 'java/security/PrivilegedActionException'> (0x00000000d6419e28) thrown at [C:\re\workspace\8-2-build-windows-amd64-cygwin\jdk8u102\7268\hotspot\src\share\vm\prims\jvm.cpp, line 1386]
Event: 1.489 Thread 0x00000000027ae000 Exception <a 'java/lang/ArrayIndexOutOfBoundsException'> (0x00000000d725e3e8) thrown at [C:\re\workspace\8-2-build-windows-amd64-cygwin\jdk8u102\7268\hotspot\src\share\vm\runtime\sharedRuntime.cpp, line 605]
Event: 1.491 Thread 0x00000000027ae000 Exception <a 'java/lang/ArrayIndexOutOfBoundsException'> (0x00000000d7279a68) thrown at [C:\re\workspace\8-2-build-windows-amd64-cygwin\jdk8u102\7268\hotspot\src\share\vm\runtime\sharedRuntime.cpp, line 605]
Event: 1.500 Thread 0x00000000027ae000 Exception <a 'java/lang/ArrayIndexOutOfBoundsException'> (0x00000000d72bb668) thrown at [C:\re\workspace\8-2-build-windows-amd64-cygwin\jdk8u102\7268\hotspot\src\share\vm\runtime\sharedRuntime.cpp, line 605]
Event: 1.678 Thread 0x00000000027ae000 Exception <a 'java/lang/ArrayIndexOutOfBoundsException'> (0x00000000d7c03900) thrown at [C:\re\workspace\8-2-build-windows-amd64-cygwin\jdk8u102\7268\hotspot\src\share\vm\runtime\sharedRuntime.cpp, line 605]
Event: 1.678 Thread 0x00000000027ae000 Exception <a 'java/lang/ArrayIndexOutOfBoundsException'> (0x00000000d7c05490) thrown at [C:\re\workspace\8-2-build-windows-amd64-cygwin\jdk8u102\7268\hotspot\src\share\vm\runtime\sharedRuntime.cpp, line 605]
Event: 1.878 Thread 0x00000000027ae000 Exception <a 'java/lang/ArrayIndexOutOfBoundsException': 66> (0x00000000d7f0f6e0) thrown at [C:\re\workspace\8-2-build-windows-amd64-cygwin\jdk8u102\7268\hotspot\src\share\vm\interpreter\interpreterRuntime.cpp, line 366]

Events (10 events):
Event: 2.695 loading class com/google/inject/internal/InjectorImpl$MethodInvoker
Event: 2.695 loading class com/google/inject/internal/InjectorImpl$MethodInvoker done
Event: 2.696 loading class com/google/inject/internal/SingleMethodInjector$1
Event: 2.696 loading class com/google/inject/internal/SingleMethodInjector$1 done
Event: 2.698 loading class com/google/inject/internal/LookupProcessor
Event: 2.698 loading class com/google/inject/internal/LookupProcessor done
Event: 2.699 loading class com/google/common/collect/AbstractMultimap$Values
Event: 2.699 loading class com/google/common/collect/AbstractMultimap$Values done
Event: 2.700 loading class com/google/common/collect/AbstractMapBasedMultimap$AsMap
Event: 2.700 loading class com/google/common/collect/AbstractMapBasedMultimap$AsMap done


Dynamic libraries:
0x00007ff7f3470000 - 0x00007ff7f34a7000 	D:\JDK1.8\bin\java.exe
0x00007ffb93060000 - 0x00007ffb93250000 	C:\Windows\SYSTEM32\ntdll.dll
0x00007ffb91c90000 - 0x00007ffb91d42000 	C:\Windows\System32\KERNEL32.DLL
0x00007ffb90580000 - 0x00007ffb90823000 	C:\Windows\System32\KERNELBASE.dll
0x00007ffb92e30000 - 0x00007ffb92ed3000 	C:\Windows\System32\ADVAPI32.dll
0x00007ffb91520000 - 0x00007ffb915be000 	C:\Windows\System32\msvcrt.dll
0x00007ffb92c40000 - 0x00007ffb92cd7000 	C:\Windows\System32\sechost.dll
0x00007ffb92ee0000 - 0x00007ffb93000000 	C:\Windows\System32\RPCRT4.dll
0x00007ffb912d0000 - 0x00007ffb91464000 	C:\Windows\System32\USER32.dll
0x00007ffb910e0000 - 0x00007ffb91101000 	C:\Windows\System32\win32u.dll
0x00007ffb92740000 - 0x00007ffb92766000 	C:\Windows\System32\GDI32.dll
0x00007ffb90070000 - 0x00007ffb90204000 	C:\Windows\System32\gdi32full.dll
0x00007ffb904e0000 - 0x00007ffb9057e000 	C:\Windows\System32\msvcp_win.dll
0x00007ffb90830000 - 0x00007ffb9092a000 	C:\Windows\System32\ucrtbase.dll
0x00007ffb7cad0000 - 0x00007ffb7cd55000 	C:\Windows\WinSxS\amd64_microsoft.windows.common-controls_6595b64144ccf1df_6.0.18362.720_none_e6beb5c51314836b\COMCTL32.dll
0x00007ffb928a0000 - 0x00007ffb92bd6000 	C:\Windows\System32\combase.dll
0x00007ffb90360000 - 0x00007ffb903e0000 	C:\Windows\System32\bcryptPrimitives.dll
0x00007ffb914f0000 - 0x00007ffb9151e000 	C:\Windows\System32\IMM32.DLL
0x000000006fc40000 - 0x000000006fd11000 	D:\JDK1.8\bin\msvcr100.dll
0x000000006f3a0000 - 0x000000006fc3a000 	D:\JDK1.8\bin\server\jvm.dll
0x00007ffb91f40000 - 0x00007ffb91f48000 	C:\Windows\System32\PSAPI.DLL
0x00007ffb8dc10000 - 0x00007ffb8dc19000 	C:\Windows\SYSTEM32\WSOCK32.dll
0x00007ffb926d0000 - 0x00007ffb9273f000 	C:\Windows\System32\WS2_32.dll
0x00007ffb8d940000 - 0x00007ffb8d964000 	C:\Windows\SYSTEM32\WINMM.dll
0x00007ffb87330000 - 0x00007ffb8733a000 	C:\Windows\SYSTEM32\VERSION.dll
0x00007ffb8d250000 - 0x00007ffb8d27d000 	C:\Windows\SYSTEM32\winmmbase.dll
0x00007ffb90490000 - 0x00007ffb904da000 	C:\Windows\System32\cfgmgr32.dll
0x000000006f390000 - 0x000000006f39f000 	D:\JDK1.8\bin\verify.dll
0x000000006f360000 - 0x000000006f389000 	D:\JDK1.8\bin\java.dll
0x000000006f340000 - 0x000000006f356000 	D:\JDK1.8\bin\zip.dll
0x00007ffb91f60000 - 0x00007ffb92645000 	C:\Windows\System32\SHELL32.dll
0x00007ffb91be0000 - 0x00007ffb91c89000 	C:\Windows\System32\shcore.dll
0x00007ffb90930000 - 0x00007ffb910b0000 	C:\Windows\System32\windows.storage.dll
0x00007ffb8ff50000 - 0x00007ffb8ff73000 	C:\Windows\System32\profapi.dll
0x00007ffb8ffa0000 - 0x00007ffb8ffea000 	C:\Windows\System32\powrprof.dll
0x00007ffb8ff20000 - 0x00007ffb8ff30000 	C:\Windows\System32\UMPDC.dll
0x00007ffb92770000 - 0x00007ffb927c2000 	C:\Windows\System32\shlwapi.dll
0x00007ffb8ff80000 - 0x00007ffb8ff91000 	C:\Windows\System32\kernel.appcore.dll
0x00007ffb8fff0000 - 0x00007ffb90007000 	C:\Windows\System32\cryptsp.dll
0x00007ffb83510000 - 0x00007ffb8351a000 	D:\maven\apache-maven-3.6.3\lib\jansi-native\windows64\jansi.dll

VM Arguments:
jvm_args: -Dclassworlds.conf=D:\maven\apache-maven-3.6.3\bin\..\bin\m2.conf -Dmaven.home=D:\maven\apache-maven-3.6.3\bin\.. -Dlibrary.jansi.path=D:\maven\apache-maven-3.6.3\bin\..\lib\jansi-native -Dmaven.multiModuleProjectDirectory=E:\idea\demo01 
java_command: org.codehaus.plexus.classworlds.launcher.Launcher -Dmybatis.generator.overwrite=true mybatis-generator:generate
java_class_path (initial): D:\maven\apache-maven-3.6.3\bin\..\boot\plexus-classworlds-2.6.0.jar
Launcher Type: SUN_STANDARD

Environment Variables:
JAVA_HOME=D:\JDK1.8
PATH=C:\ProgramData\Oracle\Java\javapath;D:\±‡“Î∆˜\python\Scripts\;D:;±‡“Î∆˜\python\;C:;ProgramData\Oracle\Java\javapath;C:\Windows\system32;C:\Windows;C:\Windows\System32\Wbem;C:\Windows\System32\WindowsPowerShell\v1.0\;C:\Windows\System32\OpenSSH\;D:\JDK1.8\bin;D:\nodejs;D:\Git\cmd;C:\Program Files\dotnet\;C:\Program Files\Microsoft SQL Server\130\Tools\Binn\;C:\Program Files\Microsoft SQL Server\Client SDK\ODBC\170\Tools\Binn\;C:\Program Files\Microsoft SQL Server\Client SDK\ODBC\130\Tools\Binn\;C:\Program Files (x86)\Microsoft SQL Server\140\Tools\Binn\;C:\Program Files\Microsoft SQL Server\140\Tools\Binn\;C:\Program Files\Microsoft SQL Server\140\DTS\Binn\;C:\Program Files (x86)\Microsoft SQL Server\150\DTS\Binn\;D:\sql Serve 2008 R2\100\Tools\Binn\;D:\sql Serve 2008 R2\100\DTS\Binn\;D:\sql Serve 2008 R2\100\Tools\Binn\VSShell\Common7\IDE\;C:\Windows\Microsoft.NET\Framework\v4.0.30319;D:\tomcat\apache-tomcat-7.0.75\bin;D:\tomcat\apache-tomcat-7.0.75\lib;D:\pandoc\;D:\maven\apache-maven-3.6.3\bin;D:\±‡“Î∆˜\c++\Tools\WinNT;D:\±‡“Î∆˜\c++\MSDev98\Bin;D:\±‡“Î∆˜\c++\Tools;D:\±‡“Î∆˜\VC98\bin;C:\Users\85133\AppData\Local\Microsoft\WindowsApps;D:\±‡“Î∆˜\vscode\Microsoft VS Code\bin;C:\Users\85133\AppData\Roaming\npm;D:\nodejs;;D:\idea\IntelliJ IDEA 2019.3.3\bin;;D:\tex\texlive\2019\bin\win32
USERNAME=85133
OS=Windows_NT
PROCESSOR_IDENTIFIER=Intel64 Family 6 Model 158 Stepping 9, GenuineIntel



---------------  S Y S T E M  ---------------

OS: Windows 10.0 , 64 bit Build 18362 (10.0.18362.329)

CPU:total 4 (4 cores per cpu, 1 threads per core) family 6 model 158 stepping 9, cmov, cx8, fxsr, mmx, sse, sse2, sse3, ssse3, sse4.1, sse4.2, popcnt, avx, avx2, aes, clmul, erms, 3dnowpref, lzcnt, tsc, tscinvbit, bmi1, bmi2, adx

Memory: 4k page, physical 8260772k(1384036k free), swap 12455076k(285196k free)

vm_info: Java HotSpot(TM) 64-Bit Server VM (25.102-b14) for windows-amd64 JRE (1.8.0_102-b14), built on Jun 22 2016 13:15:21 by "java_re" with MS VC++ 10.0 (VS2010)

time: Thu Mar 19 17:11:15 2020
elapsed time: 2 seconds (0d 0h 0m 2s)

